-------------------------------------------------------------------------------
Test set: com.example.chopeeservice.ChopeeServiceApplicationTests
-------------------------------------------------------------------------------
Tests run: 1, Failures: 0, Errors: 1, Skipped: 0, Time elapsed: 0.216 s <<< FAILURE! - in com.example.chopeeservice.ChopeeServiceApplicationTests
com.example.chopeeservice.ChopeeServiceApplicationTests  Time elapsed: 0.215 s  <<< ERROR!
java.lang.IllegalStateException: Unable to find a @SpringBootConfiguration, you need to use @ContextConfiguration or @SpringBootTest(classes=...) with your test

